::1 - - [11/May/2020:17:25:56 +0000] "GET /users/profile/5eb2c2845168e8567806dc1b HTTP/1.1" 200 12589 "http://localhost:8000/users/profile/5eb2c2845168e8567806dc1b" "Mozilla/5.0 (iPhone; CPU iPhone OS 13_2_3 like Mac OS X) AppleWebKit/605.1.15 (KHTML, like Gecko) Version/13.0.3 Mobile/15E148 Safari/604.1"
::1 - - [11/May/2020:17:26:04 +0000] "POST /likes/toggle/?id=5eb2c2945168e8567806dc1c HTTP/1.1" 200 298 "http://localhost:8000/users/profile/5eb2c2845168e8567806dc1b" "Mozilla/5.0 (iPhone; CPU iPhone OS 13_2_3 like Mac OS X) AppleWebKit/605.1.15 (KHTML, like Gecko) Version/13.0.3 Mobile/15E148 Safari/604.1"
::1 - - [11/May/2020:17:26:05 +0000] "POST /likes/toggle/?id=5eb2c2945168e8567806dc1c HTTP/1.1" 200 333 "http://localhost:8000/users/profile/5eb2c2845168e8567806dc1b" "Mozilla/5.0 (iPhone; CPU iPhone OS 13_2_3 like Mac OS X) AppleWebKit/605.1.15 (KHTML, like Gecko) Version/13.0.3 Mobile/15E148 Safari/604.1"
::1 - - [11/May/2020:17:26:05 +0000] "GET /users/profile/%3C%=%20assetPath('images/like.png')%20%%3E HTTP/1.1" 404 210 "http://localhost:8000/users/profile/5eb2c2845168e8567806dc1b" "Mozilla/5.0 (iPhone; CPU iPhone OS 13_2_3 like Mac OS X) AppleWebKit/605.1.15 (KHTML, like Gecko) Version/13.0.3 Mobile/15E148 Safari/604.1"
::1 - - [11/May/2020:17:26:29 +0000] "GET /users/profile/5eb2c2845168e8567806dc1b HTTP/1.1" 200 12589 "http://localhost:8000/users/profile/5eb2c2845168e8567806dc1b" "Mozilla/5.0 (iPhone; CPU iPhone OS 13_2_3 like Mac OS X) AppleWebKit/605.1.15 (KHTML, like Gecko) Version/13.0.3 Mobile/15E148 Safari/604.1"
::1 - - [11/May/2020:17:26:33 +0000] "POST /likes/toggle/?id=5eb2c2945168e8567806dc1c HTTP/1.1" 200 298 "http://localhost:8000/users/profile/5eb2c2845168e8567806dc1b" "Mozilla/5.0 (iPhone; CPU iPhone OS 13_2_3 like Mac OS X) AppleWebKit/605.1.15 (KHTML, like Gecko) Version/13.0.3 Mobile/15E148 Safari/604.1"
::1 - - [11/May/2020:17:26:34 +0000] "POST /likes/toggle/?id=5eb2c2945168e8567806dc1c HTTP/1.1" 200 333 "http://localhost:8000/users/profile/5eb2c2845168e8567806dc1b" "Mozilla/5.0 (iPhone; CPU iPhone OS 13_2_3 like Mac OS X) AppleWebKit/605.1.15 (KHTML, like Gecko) Version/13.0.3 Mobile/15E148 Safari/604.1"
::1 - - [11/May/2020:17:26:34 +0000] "GET /users/profile/%3C%=%20assetPath('images/like.png')%20%%3E HTTP/1.1" 404 210 "http://localhost:8000/users/profile/5eb2c2845168e8567806dc1b" "Mozilla/5.0 (iPhone; CPU iPhone OS 13_2_3 like Mac OS X) AppleWebKit/605.1.15 (KHTML, like Gecko) Version/13.0.3 Mobile/15E148 Safari/604.1"
::1 - - [11/May/2020:17:28:45 +0000] "GET /users/profile/5eb2c2845168e8567806dc1b HTTP/1.1" 200 12589 "http://localhost:8000/users/profile/5eb2c2845168e8567806dc1b" "Mozilla/5.0 (Windows NT 10.0; Win64; x64) AppleWebKit/537.36 (KHTML, like Gecko) Chrome/81.0.4044.138 Safari/537.36"
::1 - - [11/May/2020:17:28:50 +0000] "POST /likes/toggle/?id=5eb2c2945168e8567806dc1c HTTP/1.1" 200 298 "http://localhost:8000/users/profile/5eb2c2845168e8567806dc1b" "Mozilla/5.0 (Windows NT 10.0; Win64; x64) AppleWebKit/537.36 (KHTML, like Gecko) Chrome/81.0.4044.138 Safari/537.36"
::1 - - [11/May/2020:17:28:55 +0000] "POST /likes/toggle/?id=5eb2c2945168e8567806dc1c HTTP/1.1" 200 333 "http://localhost:8000/users/profile/5eb2c2845168e8567806dc1b" "Mozilla/5.0 (Windows NT 10.0; Win64; x64) AppleWebKit/537.36 (KHTML, like Gecko) Chrome/81.0.4044.138 Safari/537.36"
::1 - - [11/May/2020:17:28:55 +0000] "GET /users/profile/%3C%=%20assetPath('images/like.png')%20%%3E HTTP/1.1" 404 210 "http://localhost:8000/users/profile/5eb2c2845168e8567806dc1b" "Mozilla/5.0 (Windows NT 10.0; Win64; x64) AppleWebKit/537.36 (KHTML, like Gecko) Chrome/81.0.4044.138 Safari/537.36"
::1 - - [11/May/2020:17:29:34 +0000] "GET /users/profile/5eb2c2845168e8567806dc1b HTTP/1.1" 200 12589 "http://localhost:8000/users/profile/5eb2c2845168e8567806dc1b" "Mozilla/5.0 (Windows NT 10.0; Win64; x64) AppleWebKit/537.36 (KHTML, like Gecko) Chrome/81.0.4044.138 Safari/537.36"
::1 - - [11/May/2020:17:29:38 +0000] "POST /likes/toggle/?id=5eb2c2945168e8567806dc1c HTTP/1.1" 200 298 "http://localhost:8000/users/profile/5eb2c2845168e8567806dc1b" "Mozilla/5.0 (Windows NT 10.0; Win64; x64) AppleWebKit/537.36 (KHTML, like Gecko) Chrome/81.0.4044.138 Safari/537.36"
::1 - - [11/May/2020:17:29:38 +0000] "POST /likes/toggle/?id=5eb2c2945168e8567806dc1c HTTP/1.1" 200 333 "http://localhost:8000/users/profile/5eb2c2845168e8567806dc1b" "Mozilla/5.0 (Windows NT 10.0; Win64; x64) AppleWebKit/537.36 (KHTML, like Gecko) Chrome/81.0.4044.138 Safari/537.36"
::1 - - [11/May/2020:17:29:38 +0000] "GET /users/profile/%3C%=%20assetPath('images/like.png')%20%%3E HTTP/1.1" 404 210 "http://localhost:8000/users/profile/5eb2c2845168e8567806dc1b" "Mozilla/5.0 (Windows NT 10.0; Win64; x64) AppleWebKit/537.36 (KHTML, like Gecko) Chrome/81.0.4044.138 Safari/537.36"
::1 - - [11/May/2020:17:29:52 +0000] "GET /users/profile/5eb2c2845168e8567806dc1b HTTP/1.1" 200 12589 "http://localhost:8000/users/profile/5eb2c2845168e8567806dc1b" "Mozilla/5.0 (Windows NT 10.0; Win64; x64) AppleWebKit/537.36 (KHTML, like Gecko) Chrome/81.0.4044.138 Safari/537.36"
::1 - - [11/May/2020:17:29:59 +0000] "POST /likes/toggle/?id=5eb2c2945168e8567806dc1c HTTP/1.1" 200 298 "http://localhost:8000/users/profile/5eb2c2845168e8567806dc1b" "Mozilla/5.0 (Windows NT 10.0; Win64; x64) AppleWebKit/537.36 (KHTML, like Gecko) Chrome/81.0.4044.138 Safari/537.36"
::1 - - [11/May/2020:17:30:00 +0000] "POST /likes/toggle/?id=5eb2c2945168e8567806dc1c HTTP/1.1" 200 333 "http://localhost:8000/users/profile/5eb2c2845168e8567806dc1b" "Mozilla/5.0 (Windows NT 10.0; Win64; x64) AppleWebKit/537.36 (KHTML, like Gecko) Chrome/81.0.4044.138 Safari/537.36"
::1 - - [11/May/2020:17:30:00 +0000] "GET /users/profile/%3C%=%20assetPath('images/like.png')%20%%3E HTTP/1.1" 404 210 "http://localhost:8000/users/profile/5eb2c2845168e8567806dc1b" "Mozilla/5.0 (Windows NT 10.0; Win64; x64) AppleWebKit/537.36 (KHTML, like Gecko) Chrome/81.0.4044.138 Safari/537.36"
::1 - - [11/May/2020:17:30:49 +0000] "GET /users/profile/5eb2c2845168e8567806dc1b HTTP/1.1" 200 12589 "http://localhost:8000/users/profile/5eb2c2845168e8567806dc1b" "Mozilla/5.0 (Windows NT 10.0; Win64; x64) AppleWebKit/537.36 (KHTML, like Gecko) Chrome/81.0.4044.138 Safari/537.36"
::1 - - [11/May/2020:17:30:58 +0000] "POST /likes/toggle/?id=5eb2c2945168e8567806dc1c HTTP/1.1" 200 298 "http://localhost:8000/users/profile/5eb2c2845168e8567806dc1b" "Mozilla/5.0 (Windows NT 10.0; Win64; x64) AppleWebKit/537.36 (KHTML, like Gecko) Chrome/81.0.4044.138 Safari/537.36"
::1 - - [11/May/2020:17:31:02 +0000] "POST /likes/toggle/?id=5eb2c2945168e8567806dc1c HTTP/1.1" 200 333 "http://localhost:8000/users/profile/5eb2c2845168e8567806dc1b" "Mozilla/5.0 (Windows NT 10.0; Win64; x64) AppleWebKit/537.36 (KHTML, like Gecko) Chrome/81.0.4044.138 Safari/537.36"
::1 - - [11/May/2020:17:31:02 +0000] "GET /users/profile/%3C%=%20assetPath('images/like.png')%20%%3E HTTP/1.1" 404 210 "http://localhost:8000/users/profile/5eb2c2845168e8567806dc1b" "Mozilla/5.0 (Windows NT 10.0; Win64; x64) AppleWebKit/537.36 (KHTML, like Gecko) Chrome/81.0.4044.138 Safari/537.36"
::1 - - [11/May/2020:17:32:42 +0000] "GET /users/profile/5eb2c2845168e8567806dc1b HTTP/1.1" 200 12589 "http://localhost:8000/users/profile/5eb2c2845168e8567806dc1b" "Mozilla/5.0 (Windows NT 10.0; Win64; x64) AppleWebKit/537.36 (KHTML, like Gecko) Chrome/81.0.4044.138 Safari/537.36"
::1 - - [11/May/2020:17:32:44 +0000] "GET /images/like-4113758d1a.png HTTP/1.1" 404 165 "http://localhost:8000/users/profile/5eb2c2845168e8567806dc1b" "Mozilla/5.0 (Windows NT 10.0; Win64; x64) AppleWebKit/537.36 (KHTML, like Gecko) Chrome/81.0.4044.138 Safari/537.36"
::1 - - [11/May/2020:17:32:52 +0000] "GET /users/profile/5eb2c2845168e8567806dc1b HTTP/1.1" 200 12589 "http://localhost:8000/users/profile/5eb2c2845168e8567806dc1b" "Mozilla/5.0 (Windows NT 10.0; Win64; x64) AppleWebKit/537.36 (KHTML, like Gecko) Chrome/81.0.4044.138 Safari/537.36"
::1 - - [11/May/2020:17:32:52 +0000] "GET /images/like-4113758d1a.png HTTP/1.1" 404 165 "http://localhost:8000/users/profile/5eb2c2845168e8567806dc1b" "Mozilla/5.0 (Windows NT 10.0; Win64; x64) AppleWebKit/537.36 (KHTML, like Gecko) Chrome/81.0.4044.138 Safari/537.36"
::1 - - [11/May/2020:17:33:08 +0000] "POST /likes/toggle/?id=5eb2c2945168e8567806dc1c HTTP/1.1" 200 298 "http://localhost:8000/users/profile/5eb2c2845168e8567806dc1b" "Mozilla/5.0 (Windows NT 10.0; Win64; x64) AppleWebKit/537.36 (KHTML, like Gecko) Chrome/81.0.4044.138 Safari/537.36"
::1 - - [11/May/2020:17:33:09 +0000] "POST /likes/toggle/?id=5eb2c2945168e8567806dc1c HTTP/1.1" 200 333 "http://localhost:8000/users/profile/5eb2c2845168e8567806dc1b" "Mozilla/5.0 (Windows NT 10.0; Win64; x64) AppleWebKit/537.36 (KHTML, like Gecko) Chrome/81.0.4044.138 Safari/537.36"
::1 - - [11/May/2020:17:33:09 +0000] "GET /users/profile/'/images/like.png%20%%3E HTTP/1.1" 404 185 "http://localhost:8000/users/profile/5eb2c2845168e8567806dc1b" "Mozilla/5.0 (Windows NT 10.0; Win64; x64) AppleWebKit/537.36 (KHTML, like Gecko) Chrome/81.0.4044.138 Safari/537.36"
::1 - - [11/May/2020:17:34:48 +0000] "GET /users/profile/5eb2c2845168e8567806dc1b HTTP/1.1" 200 12589 "http://localhost:8000/users/profile/5eb2c2845168e8567806dc1b" "Mozilla/5.0 (Windows NT 10.0; Win64; x64) AppleWebKit/537.36 (KHTML, like Gecko) Chrome/81.0.4044.138 Safari/537.36"
::1 - - [11/May/2020:17:34:55 +0000] "POST /likes/toggle/?id=5eb2c2945168e8567806dc1c HTTP/1.1" 200 298 "http://localhost:8000/users/profile/5eb2c2845168e8567806dc1b" "Mozilla/5.0 (Windows NT 10.0; Win64; x64) AppleWebKit/537.36 (KHTML, like Gecko) Chrome/81.0.4044.138 Safari/537.36"
::1 - - [11/May/2020:17:34:56 +0000] "POST /likes/toggle/?id=5eb2c2945168e8567806dc1c HTTP/1.1" 200 333 "http://localhost:8000/users/profile/5eb2c2845168e8567806dc1b" "Mozilla/5.0 (Windows NT 10.0; Win64; x64) AppleWebKit/537.36 (KHTML, like Gecko) Chrome/81.0.4044.138 Safari/537.36"
::1 - - [11/May/2020:17:34:56 +0000] "GET /images/like.png HTTP/1.1" 404 154 "http://localhost:8000/users/profile/5eb2c2845168e8567806dc1b" "Mozilla/5.0 (Windows NT 10.0; Win64; x64) AppleWebKit/537.36 (KHTML, like Gecko) Chrome/81.0.4044.138 Safari/537.36"
::1 - - [11/May/2020:17:35:28 +0000] "POST /likes/toggle/?id=5eb2c2945168e8567806dc1c HTTP/1.1" 200 298 "http://localhost:8000/users/profile/5eb2c2845168e8567806dc1b" "Mozilla/5.0 (Windows NT 10.0; Win64; x64) AppleWebKit/537.36 (KHTML, like Gecko) Chrome/81.0.4044.138 Safari/537.36"
::1 - - [11/May/2020:17:35:29 +0000] "POST /likes/toggle/?id=5eb2c2945168e8567806dc1c HTTP/1.1" 200 333 "http://localhost:8000/users/profile/5eb2c2845168e8567806dc1b" "Mozilla/5.0 (Windows NT 10.0; Win64; x64) AppleWebKit/537.36 (KHTML, like Gecko) Chrome/81.0.4044.138 Safari/537.36"
::1 - - [11/May/2020:17:35:29 +0000] "GET /images/like.png HTTP/1.1" 404 154 "http://localhost:8000/users/profile/5eb2c2845168e8567806dc1b" "Mozilla/5.0 (Windows NT 10.0; Win64; x64) AppleWebKit/537.36 (KHTML, like Gecko) Chrome/81.0.4044.138 Safari/537.36"
::1 - - [11/May/2020:17:35:30 +0000] "POST /likes/toggle/?id=5eb2c2945168e8567806dc1c HTTP/1.1" 200 298 "http://localhost:8000/users/profile/5eb2c2845168e8567806dc1b" "Mozilla/5.0 (Windows NT 10.0; Win64; x64) AppleWebKit/537.36 (KHTML, like Gecko) Chrome/81.0.4044.138 Safari/537.36"
::1 - - [11/May/2020:17:35:30 +0000] "POST /likes/toggle/?id=5eb2c2945168e8567806dc1c HTTP/1.1" 200 333 "http://localhost:8000/users/profile/5eb2c2845168e8567806dc1b" "Mozilla/5.0 (Windows NT 10.0; Win64; x64) AppleWebKit/537.36 (KHTML, like Gecko) Chrome/81.0.4044.138 Safari/537.36"
::1 - - [11/May/2020:17:35:30 +0000] "GET /images/like.png HTTP/1.1" 404 154 "http://localhost:8000/users/profile/5eb2c2845168e8567806dc1b" "Mozilla/5.0 (Windows NT 10.0; Win64; x64) AppleWebKit/537.36 (KHTML, like Gecko) Chrome/81.0.4044.138 Safari/537.36"
::1 - - [11/May/2020:17:35:34 +0000] "GET / HTTP/1.1" 200 11592 "http://localhost:8000/users/profile/5eb2c2845168e8567806dc1b" "Mozilla/5.0 (Windows NT 10.0; Win64; x64) AppleWebKit/537.36 (KHTML, like Gecko) Chrome/81.0.4044.138 Safari/537.36"
::1 - - [11/May/2020:17:35:42 +0000] "POST /likes/toggle/?id=5eb2c2945168e8567806dc1c HTTP/1.1" 200 298 "http://localhost:8000/" "Mozilla/5.0 (Windows NT 10.0; Win64; x64) AppleWebKit/537.36 (KHTML, like Gecko) Chrome/81.0.4044.138 Safari/537.36"
::1 - - [11/May/2020:17:35:43 +0000] "POST /likes/toggle/?id=5eb2c2945168e8567806dc1c HTTP/1.1" 200 333 "http://localhost:8000/" "Mozilla/5.0 (Windows NT 10.0; Win64; x64) AppleWebKit/537.36 (KHTML, like Gecko) Chrome/81.0.4044.138 Safari/537.36"
::1 - - [11/May/2020:17:35:43 +0000] "GET /images/like.png HTTP/1.1" 404 154 "http://localhost:8000/" "Mozilla/5.0 (Windows NT 10.0; Win64; x64) AppleWebKit/537.36 (KHTML, like Gecko) Chrome/81.0.4044.138 Safari/537.36"
::1 - - [11/May/2020:17:36:39 +0000] "GET / HTTP/1.1" 200 11592 "http://localhost:8000/users/profile/5eb2c2845168e8567806dc1b" "Mozilla/5.0 (Windows NT 10.0; Win64; x64) AppleWebKit/537.36 (KHTML, like Gecko) Chrome/81.0.4044.138 Safari/537.36"
::1 - - [11/May/2020:17:36:46 +0000] "POST /likes/toggle/?id=5eb2c2945168e8567806dc1c HTTP/1.1" 200 298 "http://localhost:8000/" "Mozilla/5.0 (Windows NT 10.0; Win64; x64) AppleWebKit/537.36 (KHTML, like Gecko) Chrome/81.0.4044.138 Safari/537.36"
::1 - - [11/May/2020:17:36:47 +0000] "POST /likes/toggle/?id=5eb2c2945168e8567806dc1c HTTP/1.1" 200 333 "http://localhost:8000/" "Mozilla/5.0 (Windows NT 10.0; Win64; x64) AppleWebKit/537.36 (KHTML, like Gecko) Chrome/81.0.4044.138 Safari/537.36"
::1 - - [11/May/2020:17:36:47 +0000] "GET /assets/images/like.png HTTP/1.1" 404 161 "http://localhost:8000/" "Mozilla/5.0 (Windows NT 10.0; Win64; x64) AppleWebKit/537.36 (KHTML, like Gecko) Chrome/81.0.4044.138 Safari/537.36"
[0mGET / [32m200[0m 307.977 ms - 3187[0m
[0mGET /users/sign-in [32m200[0m 16.550 ms - 4667[0m
[0mPOST /users/create-session [36m302[0m 44.876 ms - 72[0m
[0mGET /users/sign-in [32m200[0m 10.791 ms - 4917[0m
[0mPOST /users/create-session [36m302[0m 10.376 ms - 46[0m
[0mGET / [32m200[0m 176.398 ms - 35612[0m
[0mPOST /likes/toggle/?id=5ea80d0025d8f209f888445e [32m200[0m 50.976 ms - 383[0m
[0mPOST /likes/toggle/?id=5ea80d0025d8f209f888445e [32m200[0m 20.840 ms - 418[0m
[0mGET /assets/images/like.png [33m404[0m 10.174 ms - 161[0m
[0mGET / [32m200[0m 137.761 ms - 35364[0m
[0mPOST /likes/toggle/?id=5ea80d0025d8f209f888445e [32m200[0m 35.773 ms - 383[0m
[0mPOST /likes/toggle/?id=5ea80d0025d8f209f888445e [32m200[0m 21.505 ms - 418[0m
[0mGET /assets/images/like.png [33m404[0m 7.144 ms - 161[0m
[0mGET / [32m200[0m 145.271 ms - 35364[0m
[0mPOST /likes/toggle/?id=5ea686622ecb1a75e0c2fb4c [32m200[0m 37.522 ms - 323[0m
[0mPOST /likes/toggle/?id=5ea686622ecb1a75e0c2fb4c [32m200[0m 29.133 ms - 358[0m
[0mGET /assets/images/like.png [33m404[0m 6.785 ms - 161[0m
[0mGET / [32m200[0m 164.888 ms - 35364[0m
[0mPOST /likes/toggle/?id=5ea433ff459cb8383cbce238 [32m200[0m 29.606 ms - 604[0m
[0mGET /assets/images/like.png [33m404[0m 8.997 ms - 161[0m
[0mPOST /likes/toggle/?id=5ea433ff459cb8383cbce238 [32m200[0m 22.717 ms - 640[0m
[0mGET /assets/images/like.png [33m404[0m 13.529 ms - 161[0m
[0mGET / [32m200[0m 233.990 ms - 35364[0m
[0mPOST /likes/toggle/?id=5ea686622ecb1a75e0c2fb4c [32m200[0m 28.651 ms - 323[0m
[0mGET / [32m200[0m 152.708 ms - 35245[0m
[0mPOST /likes/toggle/?id=5ea433ff459cb8383cbce238 [32m200[0m 33.054 ms - 604[0m
[0mGET / [32m200[0m 126.297 ms - 35243[0m
[0mGET /likes/toggle/?id=5ea433ff459cb8383cbce238 [33m404[0m 10.697 ms - 152[0m
[0mGET /likes/toggle/?id=5ea433ff459cb8383cbce238 [0m-[0m - ms - -[0m
[0mGET /likes/toggle/?id=5ea433ff459cb8383cbce238 [33m404[0m 17.054 ms - 152[0m
[0mGET / [32m200[0m 108.483 ms - 35243[0m
[0mGET /users/profile/5e970018d72cdd3adc40a67a [32m200[0m 83.107 ms - 24812[0m
[0mPOST /likes/toggle/?id=5ea686622ecb1a75e0c2fb4c [32m200[0m 37.106 ms - 358[0m
[0mPOST /likes/toggle/?id=5ea686622ecb1a75e0c2fb4c [32m200[0m 70.472 ms - 323[0m
[0mGET /users/profile/5e970018d72cdd3adc40a67a [32m200[0m 87.596 ms - 24812[0m
[0mGET /likes/toggle/?id=5ea686622ecb1a75e0c2fb4c [33m404[0m 10.139 ms - 152[0m
[0mGET /likes/toggle/?id=5ea686622ecb1a75e0c2fb4c [33m404[0m 42.738 ms - 152[0m
[0mGET / [32m200[0m 101.046 ms - 35243[0m
[0mGET /users/profile/5e970018d72cdd3adc40a67a [32m200[0m 62.747 ms - 24812[0m
[0mPOST /likes/toggle/?id=5ea686622ecb1a75e0c2fb4c [32m200[0m 54.085 ms - 358[0m
[0mGET /users/profile/%3C%=%20assetPath('images/like.png')%20%%3E [33m404[0m 8.789 ms - 210[0m
[0mGET /users/profile/5e970018d72cdd3adc40a67a [32m200[0m 117.590 ms - 24931[0m
[0mPOST /likes/toggle/?id=5ea433ff459cb8383cbce238 [32m200[0m 45.333 ms - 640[0m
[0mPOST /likes/toggle/?id=5ea433ff459cb8383cbce238 [32m200[0m 18.158 ms - 604[0m
[0mPOST /likes/toggle/?id=5ea433ff459cb8383cbce238 [32m200[0m 22.770 ms - 640[0m
[0mGET /users/profile/5e970018d72cdd3adc40a67a [32m200[0m 154.169 ms - 24933[0m
[0mGET /css/layout.css [33m404[0m 77.706 ms - 153[0m
[0mGET /css/header.css [33m404[0m 75.755 ms - 153[0m
[0mGET /css/user_profile.css [33m404[0m 40.698 ms - 159[0m
[0mGET /css/footer.css [33m404[0m 50.898 ms - 153[0m
[0mGET /css/posts.css [33m404[0m 49.618 ms - 152[0m
[0mGET /css/comments.css [33m404[0m 43.576 ms - 155[0m
[0mGET /css/layout.css [33m404[0m 60.143 ms - 153[0m
[0mGET /css/header.css [33m404[0m 58.684 ms - 153[0m
[0mGET /css/footer.css [33m404[0m 60.658 ms - 153[0m
[0mGET /css/user_profile.css [33m404[0m 37.892 ms - 159[0m
[0mGET /css/comments.css [33m404[0m 32.606 ms - 155[0m
[0mGET /css/posts.css [33m404[0m 42.948 ms - 152[0m
[0mGET /js/home_posts_comments.js [33m404[0m 34.556 ms - 164[0m
[0mGET /js/toggle_likes.js [33m404[0m 40.257 ms - 157[0m
[0mGET /images/like.png [33m404[0m 22.639 ms - 154[0m
[0mGET /images/no_profile.jpg [33m404[0m 23.314 ms - 160[0m
[0mGET /js/home_posts_comments.js [33m404[0m 11.043 ms - 164[0m
[0mGET /js/toggle_likes.js [33m404[0m 10.961 ms - 157[0m
[0mGET /images/favicon.svg [33m404[0m 6.186 ms - 157[0m
[0mGET /users/profile/5e970018d72cdd3adc40a67a [32m200[0m 68.064 ms - 24933[0m
[0mGET /css/layout.css [33m404[0m 38.093 ms - 153[0m
[0mGET /css/header.css [33m404[0m 25.981 ms - 153[0m
[0mGET /css/footer.css [33m404[0m 26.768 ms - 153[0m
[0mGET /css/user_profile.css [33m404[0m 27.308 ms - 159[0m
[0mGET /css/posts.css [33m404[0m 29.837 ms - 152[0m
[0mGET /css/comments.css [33m404[0m 29.668 ms - 155[0m
[0mGET /css/layout.css [33m404[0m 35.919 ms - 153[0m
[0mGET /css/header.css [33m404[0m 37.403 ms - 153[0m
[0mGET /css/footer.css [33m404[0m 38.587 ms - 153[0m
[0mGET /css/comments.css [33m404[0m 17.901 ms - 155[0m
[0mGET /css/user_profile.css [33m404[0m 22.202 ms - 159[0m
[0mGET /css/posts.css [33m404[0m 26.334 ms - 152[0m
[0mGET /js/home_posts_comments.js [33m404[0m 41.185 ms - 164[0m
[0mGET /js/toggle_likes.js [33m404[0m 45.134 ms - 157[0m
[0mGET /images/like.png [33m404[0m 25.382 ms - 154[0m
[0mGET /images/no_profile.jpg [33m404[0m 23.465 ms - 160[0m
[0mGET /js/home_posts_comments.js [33m404[0m 10.930 ms - 164[0m
[0mGET /js/toggle_likes.js [33m404[0m 12.170 ms - 157[0m
[0mGET /users/profile/5e970018d72cdd3adc40a67a [32m200[0m 130.144 ms - 24933[0m
[0mPOST /likes/toggle/?id=5ea686622ecb1a75e0c2fb4c [32m200[0m 32.310 ms - 323[0m
[0mPOST /likes/toggle/?id=5ea686622ecb1a75e0c2fb4c [32m200[0m 21.446 ms - 358[0m
[0mPOST /likes/toggle/?id=5ea686622ecb1a75e0c2fb4c [32m200[0m 18.421 ms - 323[0m
[0mPOST /likes/toggle/?id=5ea686622ecb1a75e0c2fb4c [32m200[0m 15.447 ms - 358[0m
::1 - - [11/May/2020:17:59:05 +0000] "GET /users/profile/5e970018d72cdd3adc40a67a HTTP/1.1" 302 72 "http://localhost:8000/" "Mozilla/5.0 (Windows NT 10.0; Win64; x64) AppleWebKit/537.36 (KHTML, like Gecko) Chrome/81.0.4044.138 Safari/537.36"
::1 - - [11/May/2020:17:59:05 +0000] "GET /users/sign-in HTTP/1.1" 200 4722 "http://localhost:8000/" "Mozilla/5.0 (Windows NT 10.0; Win64; x64) AppleWebKit/537.36 (KHTML, like Gecko) Chrome/81.0.4044.138 Safari/537.36"
::1 - - [11/May/2020:17:59:12 +0000] "POST /users/create-session HTTP/1.1" 302 46 "http://localhost:8000/users/sign-in" "Mozilla/5.0 (Windows NT 10.0; Win64; x64) AppleWebKit/537.36 (KHTML, like Gecko) Chrome/81.0.4044.138 Safari/537.36"
::1 - - [11/May/2020:17:59:12 +0000] "GET / HTTP/1.1" 200 11840 "http://localhost:8000/users/sign-in" "Mozilla/5.0 (Windows NT 10.0; Win64; x64) AppleWebKit/537.36 (KHTML, like Gecko) Chrome/81.0.4044.138 Safari/537.36"
::1 - - [11/May/2020:17:59:16 +0000] "POST /likes/toggle/?id=5eb2c2945168e8567806dc1c HTTP/1.1" 200 298 "http://localhost:8000/" "Mozilla/5.0 (Windows NT 10.0; Win64; x64) AppleWebKit/537.36 (KHTML, like Gecko) Chrome/81.0.4044.138 Safari/537.36"
::1 - - [11/May/2020:17:59:17 +0000] "POST /likes/toggle/?id=5eb2c2945168e8567806dc1c HTTP/1.1" 200 333 "http://localhost:8000/" "Mozilla/5.0 (Windows NT 10.0; Win64; x64) AppleWebKit/537.36 (KHTML, like Gecko) Chrome/81.0.4044.138 Safari/537.36"
::1 - - [11/May/2020:17:59:17 +0000] "GET /images/like.png HTTP/1.1" 404 154 "http://localhost:8000/" "Mozilla/5.0 (Windows NT 10.0; Win64; x64) AppleWebKit/537.36 (KHTML, like Gecko) Chrome/81.0.4044.138 Safari/537.36"
::1 - - [11/May/2020:18:00:10 +0000] "GET / HTTP/1.1" 200 11592 "http://localhost:8000/users/sign-in" "Mozilla/5.0 (Windows NT 10.0; Win64; x64) AppleWebKit/537.36 (KHTML, like Gecko) Chrome/81.0.4044.138 Safari/537.36"
::1 - - [11/May/2020:18:00:18 +0000] "POST /likes/toggle/?id=5eb2c2945168e8567806dc1c HTTP/1.1" 200 298 "http://localhost:8000/" "Mozilla/5.0 (Windows NT 10.0; Win64; x64) AppleWebKit/537.36 (KHTML, like Gecko) Chrome/81.0.4044.138 Safari/537.36"
::1 - - [11/May/2020:18:00:19 +0000] "POST /likes/toggle/?id=5eb2c2945168e8567806dc1c HTTP/1.1" 200 333 "http://localhost:8000/" "Mozilla/5.0 (Windows NT 10.0; Win64; x64) AppleWebKit/537.36 (KHTML, like Gecko) Chrome/81.0.4044.138 Safari/537.36"
::1 - - [11/May/2020:18:00:19 +0000] "GET /assets/images/like.png HTTP/1.1" 404 161 "http://localhost:8000/" "Mozilla/5.0 (Windows NT 10.0; Win64; x64) AppleWebKit/537.36 (KHTML, like Gecko) Chrome/81.0.4044.138 Safari/537.36"
::1 - - [11/May/2020:18:01:46 +0000] "GET / HTTP/1.1" 200 11592 "http://localhost:8000/users/sign-in" "Mozilla/5.0 (Windows NT 10.0; Win64; x64) AppleWebKit/537.36 (KHTML, like Gecko) Chrome/81.0.4044.138 Safari/537.36"
::1 - - [11/May/2020:18:01:50 +0000] "POST /likes/toggle/?id=5eb2c2945168e8567806dc1c HTTP/1.1" 200 298 "http://localhost:8000/" "Mozilla/5.0 (Windows NT 10.0; Win64; x64) AppleWebKit/537.36 (KHTML, like Gecko) Chrome/81.0.4044.138 Safari/537.36"
::1 - - [11/May/2020:18:01:50 +0000] "POST /likes/toggle/?id=5eb2c2945168e8567806dc1c HTTP/1.1" 200 333 "http://localhost:8000/" "Mozilla/5.0 (Windows NT 10.0; Win64; x64) AppleWebKit/537.36 (KHTML, like Gecko) Chrome/81.0.4044.138 Safari/537.36"
::1 - - [11/May/2020:18:01:52 +0000] "POST /likes/toggle/?id=5eb2c2945168e8567806dc1c HTTP/1.1" 200 298 "http://localhost:8000/" "Mozilla/5.0 (Windows NT 10.0; Win64; x64) AppleWebKit/537.36 (KHTML, like Gecko) Chrome/81.0.4044.138 Safari/537.36"
::1 - - [11/May/2020:18:01:52 +0000] "POST /likes/toggle/?id=5eb2c2945168e8567806dc1c HTTP/1.1" 200 333 "http://localhost:8000/" "Mozilla/5.0 (Windows NT 10.0; Win64; x64) AppleWebKit/537.36 (KHTML, like Gecko) Chrome/81.0.4044.138 Safari/537.36"
::1 - - [11/May/2020:18:01:53 +0000] "POST /likes/toggle/?id=5eb2c2945168e8567806dc1c HTTP/1.1" 200 298 "http://localhost:8000/" "Mozilla/5.0 (Windows NT 10.0; Win64; x64) AppleWebKit/537.36 (KHTML, like Gecko) Chrome/81.0.4044.138 Safari/537.36"
::1 - - [11/May/2020:18:01:53 +0000] "POST /likes/toggle/?id=5eb2c2945168e8567806dc1c HTTP/1.1" 200 333 "http://localhost:8000/" "Mozilla/5.0 (Windows NT 10.0; Win64; x64) AppleWebKit/537.36 (KHTML, like Gecko) Chrome/81.0.4044.138 Safari/537.36"
::1 - - [11/May/2020:18:01:54 +0000] "POST /likes/toggle/?id=5eb2c2945168e8567806dc1c HTTP/1.1" 200 298 "http://localhost:8000/" "Mozilla/5.0 (Windows NT 10.0; Win64; x64) AppleWebKit/537.36 (KHTML, like Gecko) Chrome/81.0.4044.138 Safari/537.36"
::1 - - [11/May/2020:18:01:54 +0000] "POST /likes/toggle/?id=5eb2c2945168e8567806dc1c HTTP/1.1" 200 333 "http://localhost:8000/" "Mozilla/5.0 (Windows NT 10.0; Win64; x64) AppleWebKit/537.36 (KHTML, like Gecko) Chrome/81.0.4044.138 Safari/537.36"
::1 - - [11/May/2020:18:01:54 +0000] "POST /likes/toggle/?id=5eb2c2945168e8567806dc1c HTTP/1.1" 200 298 "http://localhost:8000/" "Mozilla/5.0 (Windows NT 10.0; Win64; x64) AppleWebKit/537.36 (KHTML, like Gecko) Chrome/81.0.4044.138 Safari/537.36"
::1 - - [11/May/2020:18:01:55 +0000] "POST /likes/toggle/?id=5eb2c2945168e8567806dc1c HTTP/1.1" 200 333 "http://localhost:8000/" "Mozilla/5.0 (Windows NT 10.0; Win64; x64) AppleWebKit/537.36 (KHTML, like Gecko) Chrome/81.0.4044.138 Safari/537.36"
::1 - - [11/May/2020:18:01:55 +0000] "POST /likes/toggle/?id=5eb2c2945168e8567806dc1c HTTP/1.1" 200 298 "http://localhost:8000/" "Mozilla/5.0 (Windows NT 10.0; Win64; x64) AppleWebKit/537.36 (KHTML, like Gecko) Chrome/81.0.4044.138 Safari/537.36"
::1 - - [11/May/2020:18:01:55 +0000] "POST /likes/toggle/?id=5eb2c2945168e8567806dc1c HTTP/1.1" 200 333 "http://localhost:8000/" "Mozilla/5.0 (Windows NT 10.0; Win64; x64) AppleWebKit/537.36 (KHTML, like Gecko) Chrome/81.0.4044.138 Safari/537.36"
::1 - - [11/May/2020:18:01:56 +0000] "POST /likes/toggle/?id=5eb2c2945168e8567806dc1c HTTP/1.1" 200 298 "http://localhost:8000/" "Mozilla/5.0 (Windows NT 10.0; Win64; x64) AppleWebKit/537.36 (KHTML, like Gecko) Chrome/81.0.4044.138 Safari/537.36"
::1 - - [11/May/2020:18:01:56 +0000] "POST /likes/toggle/?id=5eb2c2945168e8567806dc1c HTTP/1.1" 200 333 "http://localhost:8000/" "Mozilla/5.0 (Windows NT 10.0; Win64; x64) AppleWebKit/537.36 (KHTML, like Gecko) Chrome/81.0.4044.138 Safari/537.36"
::1 - - [11/May/2020:18:01:57 +0000] "POST /likes/toggle/?id=5eb2c2945168e8567806dc1c HTTP/1.1" 200 298 "http://localhost:8000/" "Mozilla/5.0 (Windows NT 10.0; Win64; x64) AppleWebKit/537.36 (KHTML, like Gecko) Chrome/81.0.4044.138 Safari/537.36"
::1 - - [11/May/2020:18:01:57 +0000] "POST /likes/toggle/?id=5eb2c2945168e8567806dc1c HTTP/1.1" 200 333 "http://localhost:8000/" "Mozilla/5.0 (Windows NT 10.0; Win64; x64) AppleWebKit/537.36 (KHTML, like Gecko) Chrome/81.0.4044.138 Safari/537.36"
::1 - - [11/May/2020:18:01:57 +0000] "POST /likes/toggle/?id=5eb2c2945168e8567806dc1c HTTP/1.1" 200 298 "http://localhost:8000/" "Mozilla/5.0 (Windows NT 10.0; Win64; x64) AppleWebKit/537.36 (KHTML, like Gecko) Chrome/81.0.4044.138 Safari/537.36"
::1 - - [11/May/2020:18:01:58 +0000] "POST /likes/toggle/?id=5eb2c2945168e8567806dc1c HTTP/1.1" 200 333 "http://localhost:8000/" "Mozilla/5.0 (Windows NT 10.0; Win64; x64) AppleWebKit/537.36 (KHTML, like Gecko) Chrome/81.0.4044.138 Safari/537.36"
::1 - - [11/May/2020:18:01:58 +0000] "POST /likes/toggle/?id=5eb2c2945168e8567806dc1c HTTP/1.1" 200 298 "http://localhost:8000/" "Mozilla/5.0 (Windows NT 10.0; Win64; x64) AppleWebKit/537.36 (KHTML, like Gecko) Chrome/81.0.4044.138 Safari/537.36"
